<?xml version="1.0" encoding="UTF-8"?>
<testsuites tests="14" failures="2">
	<testsuite name="github.com/AlchemyTelcoSolutions/safehttp" tests="14" failures="2" errors="0" id="0" hostname="ATSK9YJC7H9LV" time="1.112" timestamp="2025-09-08T15:02:10+05:00">
		<properties>
			<property name="coverage.statements.pct" value="100.00"></property>
		</properties>
		<testcase name="TestIsIPv4Reserved" classname="github.com/AlchemyTelcoSolutions/safehttp" time="0.000"></testcase>
		<testcase name="TestUnwrap" classname="github.com/AlchemyTelcoSolutions/safehttp" time="0.000"></testcase>
		<testcase name="TestError" classname="github.com/AlchemyTelcoSolutions/safehttp" time="0.000"></testcase>
		<testcase name="TestGetSafeSocketControlFuncBadHost" classname="github.com/AlchemyTelcoSolutions/safehttp" time="0.000"></testcase>
		<testcase name="TestGetSafeSocketControlFuncBadIPAddress" classname="github.com/AlchemyTelcoSolutions/safehttp" time="0.000"></testcase>
		<testcase name="TestGetSafeSocketControlFuncNoErr" classname="github.com/AlchemyTelcoSolutions/safehttp" time="0.000"></testcase>
		<testcase name="TestGetSafeHTTPCLient" classname="github.com/AlchemyTelcoSolutions/safehttp" time="0.030">
			<failure message="Failed"></failure>
		</testcase>
		<testcase name="TestGetSafeHTTPCLient/simple_localhost" classname="github.com/AlchemyTelcoSolutions/safehttp" time="0.000">
			<failure message="Failed"><![CDATA[    api_test.go:124: 
        	Error Trace:	/Users/codupit/src/safehttp/api_test.go:124
        	Error:      	Not equal: 
        	            	expected: "safehttp: 127.0.0.1 is not a public IP address"
        	            	actual  : "safehttp: ::1 is not a public IP address"
        	            	
        	            	Diff:
        	            	--- Expected
        	            	+++ Actual
        	            	@@ -1 +1 @@
        	            	-safehttp: 127.0.0.1 is not a public IP address
        	            	+safehttp: ::1 is not a public IP address
        	Test:       	TestGetSafeHTTPCLient/simple_localhost]]></failure>
		</testcase>
		<testcase name="TestGetSafeHTTPCLient/localhost_as_ipv4" classname="github.com/AlchemyTelcoSolutions/safehttp" time="0.000"></testcase>
		<testcase name="TestGetSafeHTTPCLient/localhost_as_ipv6" classname="github.com/AlchemyTelcoSolutions/safehttp" time="0.000"></testcase>
		<testcase name="TestGetSafeHTTPCLient/localhost_as_short_ipv6" classname="github.com/AlchemyTelcoSolutions/safehttp" time="0.000"></testcase>
		<testcase name="TestGetSafeHTTPCLient/localhost_as_ipv6_but_ipv6_not_allowed" classname="github.com/AlchemyTelcoSolutions/safehttp" time="0.000"></testcase>
		<testcase name="TestGetSafeHTTPCLient/google_but_ip_is_not_allowed" classname="github.com/AlchemyTelcoSolutions/safehttp" time="0.000"></testcase>
		<testcase name="TestGetSafeHTTPCLient/regular_errors_are_preserved" classname="github.com/AlchemyTelcoSolutions/safehttp" time="0.020"></testcase>
	</testsuite>
</testsuites>
